<?xml version="1.0" encoding="UTF-8"?>
<!-- Generated by org.testng.reporters.JUnitXMLReporter -->
<testsuite ignored="2" hostname="DESKTOP-SOE6AFE" failures="0" tests="2" name="SmokeTest" time="0.195" errors="0" timestamp="2023-11-28T18:20:32 EST">
  <testcase classname="testNG_Day1.BasicAnnotations" name="test1" time="0.025"/>
  <testcase classname="testNG_Day1.IgnoringTests" name="testprintMessage" time="0.004"/>
  <testcase classname="testNG_Day1.IgnoringTests" name="assertTesting" time="0.0">
    <ignored/>
  </testcase> <!-- assertTesting -->
  <testcase classname="testNG_Day1.BasicAnnotations" name="test2" time="0.0">
    <ignored/>
  </testcase> <!-- test2 -->
</testsuite> <!-- SmokeTest -->
