<?xml version="1.0" encoding="UTF-8"?>
<testng-results ignored="0" total="2" passed="2" failed="0" skipped="0">
  <reporter-output>
  </reporter-output>
  <suite started-at="2023-11-28T18:20:31 EST" name="Suite" finished-at="2023-11-28T18:20:32 EST" duration-ms="195">
    <groups>
      <group name="SmokeTest">
        <method signature="BasicAnnotations.test1()[pri:0, instance:testNG_Day1.BasicAnnotations@534a5a98]" name="test1" class="testNG_Day1.BasicAnnotations"/>
        <method signature="IgnoringTests.testprintMessage()[pri:0, instance:testNG_Day1.IgnoringTests@18df8434]" name="testprintMessage" class="testNG_Day1.IgnoringTests"/>
      </group> <!-- SmokeTest -->
    </groups>
    <test started-at="2023-11-28T18:20:31 EST" name="SmokeTest" finished-at="2023-11-28T18:20:32 EST" duration-ms="195">
      <class name="testNG_Day1.IgnoringTests">
        <test-method signature="testprintMessage()[pri:0, instance:testNG_Day1.IgnoringTests@18df8434]" started-at="2023-11-28T18:20:32 EST" name="testprintMessage" finished-at="2023-11-28T18:20:32 EST" duration-ms="4" status="PASS">
          <reporter-output>
          </reporter-output>
        </test-method> <!-- testprintMessage -->
      </class> <!-- testNG_Day1.IgnoringTests -->
      <class name="testNG_Day1.BasicAnnotations">
        <test-method signature="test1()[pri:0, instance:testNG_Day1.BasicAnnotations@534a5a98]" started-at="2023-11-28T18:20:32 EST" name="test1" finished-at="2023-11-28T18:20:32 EST" duration-ms="25" status="PASS">
          <reporter-output>
          </reporter-output>
        </test-method> <!-- test1 -->
      </class> <!-- testNG_Day1.BasicAnnotations -->
    </test> <!-- SmokeTest -->
  </suite> <!-- Suite -->
</testng-results>
